#
# There is insufficient memory for the Java Runtime Environment to continue.
# Native memory allocation (malloc) failed to allocate 2138416 bytes for Chunk::new
# Possible reasons:
#   The system is out of physical RAM or swap space
#   The process is running with CompressedOops enabled, and the Java Heap may be blocking the growth of the native heap
# Possible solutions:
#   Reduce memory load on the system
#   Increase physical memory or swap space
#   Check if swap backing store is full
#   Decrease Java heap size (-Xmx/-Xms)
#   Decrease number of Java threads
#   Decrease Java thread stack sizes (-Xss)
#   Set larger code cache with -XX:ReservedCodeCacheSize=
#   JVM is running with Zero Based Compressed Oops mode in which the Java heap is
#     placed in the first 32GB address space. The Java Heap base address is the
#     maximum limit for the native heap growth. Please use -XX:HeapBaseMinAddress
#     to set the Java Heap base and to place the Java Heap above 32GB virtual address.
# This output file may be truncated or incomplete.
#
#  Out of Memory Error (t:/workspace/open/src/hotspot/share/memory/arena.cpp:197), pid=9184, tid=21796
#
# JRE version: OpenJDK Runtime Environment (11.0.2+9) (build 11.0.2+9)
# Java VM: OpenJDK 64-Bit Server VM (11.0.2+9, mixed mode, tiered, compressed oops, g1 gc, windows-amd64)
# No core dump will be written. Minidumps are not enabled by default on client versions of Windows
#

---------------  S U M M A R Y ------------

Command Line: -javaagent:C:\Users\91989\AppData\Roaming\JetBrains\IdeaIC2024.1\plugins\ebean-idea\lib\ebean-agent-15.3.0.jar -Dfile.encoding=windows-1252 -Duser.country=IN -Duser.language=en -Duser.variant org.example.Main

Host: Intel(R) Core(TM) i5-3360M CPU @ 2.80GHz, 4 cores, 11G,  Windows 10 , 64 bit Build 19041 (10.0.19041.3636)
Time: Tue Jul 16 15:16:04 2024 India Standard Time elapsed time: 14 seconds (0d 0h 0m 14s)

---------------  T H R E A D  ---------------

Current thread (0x000001f8ff781800):  JavaThread "C2 CompilerThread0" daemon [_thread_in_native, id=21796, stack(0x0000001329700000,0x0000001329800000)]


Current CompileTask:
C2:  14095 2900   !   4       jdk.internal.loader.URLClassPath$JarLoader::getResource (353 bytes)

Stack: [0x0000001329700000,0x0000001329800000]
Native frames: (J=compiled Java code, j=interpreted, Vv=VM code, C=native code)
V  [jvm.dll+0x63489a]
V  [jvm.dll+0x771f9f]
V  [jvm.dll+0x773648]
V  [jvm.dll+0x773d03]
V  [jvm.dll+0x25eba8]
V  [jvm.dll+0xc2191]
V  [jvm.dll+0xc271c]
V  [jvm.dll+0x36cc47]
V  [jvm.dll+0x1a97d1]
V  [jvm.dll+0x218ad2]
V  [jvm.dll+0x217b6a]
V  [jvm.dll+0x194370]
V  [jvm.dll+0x226b3f]
V  [jvm.dll+0x225148]
V  [jvm.dll+0x73774d]
V  [jvm.dll+0x633942]
C  [ucrtbase.dll+0x21bb2]
C  [KERNEL32.DLL+0x17344]
C  [ntdll.dll+0x4cc91]


---------------  P R O C E S S  ---------------

Threads class SMR info:
_java_thread_list=0x000001f888a5e200, length=21, elements={
0x000001f8ff71c800, 0x000001f8ff727000, 0x000001f8ff77e000, 0x000001f8ff780000,
0x000001f8ff781800, 0x000001f8ff78e000, 0x000001f8ff79c000, 0x000001f8feeb1800,
0x000001f8853cd000, 0x000001f885a7b800, 0x000001f885a7c000, 0x000001f888d56000,
0x000001f885b93800, 0x000001f888d55000, 0x000001f886613000, 0x000001f886611800,
0x000001f886612000, 0x000001f886610800, 0x000001f88a192800, 0x000001f88a194000,
0x000001f885f47800
}

Java Threads: ( => current thread )
  0x000001f8ff71c800 JavaThread "Reference Handler" daemon [_thread_blocked, id=236, stack(0x0000001329300000,0x0000001329400000)]
  0x000001f8ff727000 JavaThread "Finalizer" daemon [_thread_blocked, id=16160, stack(0x0000001329400000,0x0000001329500000)]
  0x000001f8ff77e000 JavaThread "Signal Dispatcher" daemon [_thread_blocked, id=10556, stack(0x0000001329500000,0x0000001329600000)]
  0x000001f8ff780000 JavaThread "Attach Listener" daemon [_thread_blocked, id=12348, stack(0x0000001329600000,0x0000001329700000)]
=>0x000001f8ff781800 JavaThread "C2 CompilerThread0" daemon [_thread_in_native, id=21796, stack(0x0000001329700000,0x0000001329800000)]
  0x000001f8ff78e000 JavaThread "C1 CompilerThread0" daemon [_thread_blocked, id=20860, stack(0x0000001329800000,0x0000001329900000)]
  0x000001f8ff79c000 JavaThread "Sweeper thread" daemon [_thread_blocked, id=6900, stack(0x0000001329900000,0x0000001329a00000)]
  0x000001f8feeb1800 JavaThread "Common-Cleaner" daemon [_thread_blocked, id=22272, stack(0x0000001329a00000,0x0000001329b00000)]
  0x000001f8853cd000 JavaThread "Service Thread" daemon [_thread_blocked, id=13788, stack(0x000000132a000000,0x000000132a100000)]
  0x000001f885a7b800 JavaThread "Log4j2-TF-2-Scheduled-1" daemon [_thread_blocked, id=21436, stack(0x000000132a200000,0x000000132a300000)]
  0x000001f885a7c000 JavaThread "Log4j2-AsyncAppenderEventDispatcher-1-AsyncConsole" daemon [_thread_blocked, id=20280, stack(0x000000132a300000,0x000000132a400000)]
  0x000001f888d56000 JavaThread "vertx-blocked-thread-checker" daemon [_thread_blocked, id=9976, stack(0x000000132a400000,0x000000132a500000)]
  0x000001f885b93800 JavaThread "Thread-2" daemon [_thread_in_native, id=19568, stack(0x000000132a500000,0x000000132a600000)]
  0x000001f888d55000 JavaThread "mysql-cj-abandoned-connection-cleanup" daemon [_thread_blocked, id=10804, stack(0x000000132a600000,0x000000132a700000)]
  0x000001f886613000 JavaThread "db.heartBeat" daemon [_thread_blocked, id=14272, stack(0x000000132a700000,0x000000132a800000)]
  0x000001f886611800 JavaThread "ebean-db1" daemon [_thread_blocked, id=9828, stack(0x000000132a800000,0x000000132a900000)]
  0x000001f886612000 JavaThread "vert.x-eventloop-thread-0" [_thread_in_native, id=6212, stack(0x000000132a900000,0x000000132aa00000)]
  0x000001f886610800 JavaThread "DestroyJavaVM" [_thread_blocked, id=13388, stack(0x0000001328c00000,0x0000001328d00000)]
  0x000001f88a192800 JavaThread "vert.x-acceptor-thread-0" [_thread_in_native, id=18308, stack(0x000000132aa00000,0x000000132ab00000)]
  0x000001f88a194000 JavaThread "vert.x-eventloop-thread-1" [_thread_in_native, id=11592, stack(0x000000132ab00000,0x000000132ac00000)]
  0x000001f885f47800 JavaThread "C2 CompilerThread1" daemon [_thread_in_native, id=5840, stack(0x0000001329c00000,0x0000001329d00000)]

Other Threads:
  0x000001f8feedb800 VMThread "VM Thread" [stack: 0x0000001329200000,0x0000001329300000] [id=20252]
  0x000001f8854bf800 WatcherThread [stack: 0x000000132a100000,0x000000132a200000] [id=18160]
  0x000001f8e3587000 GCTaskThread "GC Thread#0" [stack: 0x0000001328d00000,0x0000001328e00000] [id=19692]
  0x000001f885136800 GCTaskThread "GC Thread#1" [stack: 0x0000001329d00000,0x0000001329e00000] [id=21456]
  0x000001f8ff8c1000 GCTaskThread "GC Thread#2" [stack: 0x0000001329e00000,0x0000001329f00000] [id=21552]
  0x000001f8ff8c1800 GCTaskThread "GC Thread#3" [stack: 0x0000001329f00000,0x000000132a000000] [id=19060]
  0x000001f8e35cd800 ConcurrentGCThread "G1 Main Marker" [stack: 0x0000001328e00000,0x0000001328f00000] [id=20928]
  0x000001f8e35cf000 ConcurrentGCThread "G1 Conc#0" [stack: 0x0000001328f00000,0x0000001329000000] [id=13416]
  0x000001f8e362e800 ConcurrentGCThread "G1 Refine#0" [stack: 0x0000001329000000,0x0000001329100000] [id=19356]
  0x000001f8fed62000 ConcurrentGCThread "G1 Young RemSet Sampling" [stack: 0x0000001329100000,0x0000001329200000] [id=11764]

Threads with active compile tasks:
C2 CompilerThread02900   !   4       jdk.internal.loader.URLClassPath$JarLoader::getResource (353 bytes)
C2 CompilerThread13226       4       io.ebean.enhance.asm.commons.LocalVariablesSorter::visitLocalVariable (26 bytes)

VM state:not at safepoint (normal execution)

VM Mutex/Monitor currently owned by a thread: None

Heap address: 0x0000000742200000, size: 3038 MB, Compressed Oops mode: Zero based, Oop shift amount: 3
Narrow klass base: 0x0000000800000000, Narrow klass shift: 0
Compressed class space size: 1073741824 Address: 0x0000000800000000

Heap:
 garbage-first heap   total 233472K, used 77913K [0x0000000742200000, 0x0000000800000000)
  region size 1024K, 69 young (70656K), 9 survivors (9216K)
 Metaspace       used 43523K, capacity 44192K, committed 44460K, reserved 1089536K
  class space    used 4752K, capacity 5006K, committed 5120K, reserved 1048576K
Heap Regions: E=young(eden), S=young(survivor), O=old, HS=humongous(starts), HC=humongous(continues), CS=collection set, F=free, A=archive, TAMS=top-at-mark-start (previous, next)
|   0|0x0000000742200000, 0x0000000742300000, 0x0000000742300000|100%|HS|  |TAMS 0x0000000742300000, 0x0000000742200000| Complete 
|   1|0x0000000742300000, 0x0000000742400000, 0x0000000742400000|100%|HS|  |TAMS 0x0000000742300000, 0x0000000742300000| Complete 
|   2|0x0000000742400000, 0x0000000742500000, 0x0000000742500000|100%| O|  |TAMS 0x0000000742500000, 0x0000000742400000| Untracked 
|   3|0x0000000742500000, 0x0000000742600000, 0x0000000742600000|100%| O|  |TAMS 0x0000000742600000, 0x0000000742500000| Untracked 
|   4|0x0000000742600000, 0x0000000742700000, 0x0000000742700000|100%| O|  |TAMS 0x0000000742700000, 0x0000000742600000| Untracked 
|   5|0x0000000742700000, 0x0000000742800000, 0x0000000742800000|100%| O|  |TAMS 0x0000000742800000, 0x0000000742700000| Untracked 
|   6|0x0000000742800000, 0x0000000742900000, 0x0000000742900000|100%| O|  |TAMS 0x0000000742900000, 0x0000000742800000| Untracked 
|   7|0x0000000742900000, 0x0000000742a00000, 0x0000000742a00000|100%| O|  |TAMS 0x0000000742a00000, 0x0000000742900000| Untracked 
|   8|0x0000000742a00000, 0x0000000742a18e00, 0x0000000742b00000|  9%| O|  |TAMS 0x0000000742a18e00, 0x0000000742a00000| Untracked 
|   9|0x0000000742b00000, 0x0000000742c00000, 0x0000000742c00000|100%|HS|  |TAMS 0x0000000742b00000, 0x0000000742b00000| Complete 
|  10|0x0000000742c00000, 0x0000000742c00000, 0x0000000742d00000|  0%| F|  |TAMS 0x0000000742c00000, 0x0000000742c00000| Untracked 
|  11|0x0000000742d00000, 0x0000000742d00000, 0x0000000742e00000|  0%| F|  |TAMS 0x0000000742d00000, 0x0000000742d00000| Untracked 
|  12|0x0000000742e00000, 0x0000000742e00000, 0x0000000742f00000|  0%| F|  |TAMS 0x0000000742e00000, 0x0000000742e00000| Untracked 
|  13|0x0000000742f00000, 0x0000000742f00000, 0x0000000743000000|  0%| F|  |TAMS 0x0000000742f00000, 0x0000000742f00000| Untracked 
|  14|0x0000000743000000, 0x0000000743000000, 0x0000000743100000|  0%| F|  |TAMS 0x0000000743000000, 0x0000000743000000| Untracked 
|  15|0x0000000743100000, 0x0000000743100000, 0x0000000743200000|  0%| F|  |TAMS 0x0000000743100000, 0x0000000743100000| Untracked 
|  16|0x0000000743200000, 0x0000000743200000, 0x0000000743300000|  0%| F|  |TAMS 0x0000000743200000, 0x0000000743200000| Untracked 
|  17|0x0000000743300000, 0x0000000743300000, 0x0000000743400000|  0%| F|  |TAMS 0x0000000743300000, 0x0000000743300000| Untracked 
|  18|0x0000000743400000, 0x0000000743400000, 0x0000000743500000|  0%| F|  |TAMS 0x0000000743400000, 0x0000000743400000| Untracked 
|  19|0x0000000743500000, 0x0000000743500000, 0x0000000743600000|  0%| F|  |TAMS 0x0000000743500000, 0x0000000743500000| Untracked 
|  20|0x0000000743600000, 0x0000000743600000, 0x0000000743700000|  0%| F|  |TAMS 0x0000000743600000, 0x0000000743600000| Untracked 
|  21|0x0000000743700000, 0x0000000743700000, 0x0000000743800000|  0%| F|  |TAMS 0x0000000743700000, 0x0000000743700000| Untracked 
|  22|0x0000000743800000, 0x0000000743800000, 0x0000000743900000|  0%| F|  |TAMS 0x0000000743800000, 0x0000000743800000| Untracked 
|  23|0x0000000743900000, 0x0000000743900000, 0x0000000743a00000|  0%| F|  |TAMS 0x0000000743900000, 0x0000000743900000| Untracked 
|  24|0x0000000743a00000, 0x0000000743a00000, 0x0000000743b00000|  0%| F|  |TAMS 0x0000000743a00000, 0x0000000743a00000| Untracked 
|  25|0x0000000743b00000, 0x0000000743b00000, 0x0000000743c00000|  0%| F|  |TAMS 0x0000000743b00000, 0x0000000743b00000| Untracked 
|  26|0x0000000743c00000, 0x0000000743c00000, 0x0000000743d00000|  0%| F|  |TAMS 0x0000000743c00000, 0x0000000743c00000| Untracked 
|  27|0x0000000743d00000, 0x0000000743d00000, 0x0000000743e00000|  0%| F|  |TAMS 0x0000000743d00000, 0x0000000743d00000| Untracked 
|  28|0x0000000743e00000, 0x0000000743e00000, 0x0000000743f00000|  0%| F|  |TAMS 0x0000000743e00000, 0x0000000743e00000| Untracked 
|  29|0x0000000743f00000, 0x0000000743f00000, 0x0000000744000000|  0%| F|  |TAMS 0x0000000743f00000, 0x0000000743f00000| Untracked 
|  30|0x0000000744000000, 0x0000000744000000, 0x0000000744100000|  0%| F|  |TAMS 0x0000000744000000, 0x0000000744000000| Untracked 
|  31|0x0000000744100000, 0x0000000744100000, 0x0000000744200000|  0%| F|  |TAMS 0x0000000744100000, 0x0000000744100000| Untracked 
|  32|0x0000000744200000, 0x0000000744200000, 0x0000000744300000|  0%| F|  |TAMS 0x0000000744200000, 0x0000000744200000| Untracked 
|  33|0x0000000744300000, 0x0000000744300000, 0x0000000744400000|  0%| F|  |TAMS 0x0000000744300000, 0x0000000744300000| Untracked 
|  34|0x0000000744400000, 0x0000000744400000, 0x0000000744500000|  0%| F|  |TAMS 0x0000000744400000, 0x0000000744400000| Untracked 
|  35|0x0000000744500000, 0x0000000744500000, 0x0000000744600000|  0%| F|  |TAMS 0x0000000744500000, 0x0000000744500000| Untracked 
|  36|0x0000000744600000, 0x0000000744600000, 0x0000000744700000|  0%| F|  |TAMS 0x0000000744600000, 0x0000000744600000| Untracked 
|  37|0x0000000744700000, 0x0000000744700000, 0x0000000744800000|  0%| F|  |TAMS 0x0000000744700000, 0x0000000744700000| Untracked 
|  38|0x0000000744800000, 0x0000000744800000, 0x0000000744900000|  0%| F|  |TAMS 0x0000000744800000, 0x0000000744800000| Untracked 
|  39|0x0000000744900000, 0x0000000744900000, 0x0000000744a00000|  0%| F|  |TAMS 0x0000000744900000, 0x0000000744900000| Untracked 
|  40|0x0000000744a00000, 0x0000000744a00000, 0x0000000744b00000|  0%| F|  |TAMS 0x0000000744a00000, 0x0000000744a00000| Untracked 
|  41|0x0000000744b00000, 0x0000000744b00000, 0x0000000744c00000|  0%| F|  |TAMS 0x0000000744b00000, 0x0000000744b00000| Untracked 
|  42|0x0000000744c00000, 0x0000000744c00000, 0x0000000744d00000|  0%| F|  |TAMS 0x0000000744c00000, 0x0000000744c00000| Untracked 
|  43|0x0000000744d00000, 0x0000000744d00000, 0x0000000744e00000|  0%| F|  |TAMS 0x0000000744d00000, 0x0000000744d00000| Untracked 
|  44|0x0000000744e00000, 0x0000000744e00000, 0x0000000744f00000|  0%| F|  |TAMS 0x0000000744e00000, 0x0000000744e00000| Untracked 
|  45|0x0000000744f00000, 0x0000000744f00000, 0x0000000745000000|  0%| F|  |TAMS 0x0000000744f00000, 0x0000000744f00000| Untracked 
|  46|0x0000000745000000, 0x0000000745000000, 0x0000000745100000|  0%| F|  |TAMS 0x0000000745000000, 0x0000000745000000| Untracked 
|  47|0x0000000745100000, 0x0000000745100000, 0x0000000745200000|  0%| F|  |TAMS 0x0000000745100000, 0x0000000745100000| Untracked 
|  48|0x0000000745200000, 0x0000000745200000, 0x0000000745300000|  0%| F|  |TAMS 0x0000000745200000, 0x0000000745200000| Untracked 
|  49|0x0000000745300000, 0x0000000745300000, 0x0000000745400000|  0%| F|  |TAMS 0x0000000745300000, 0x0000000745300000| Untracked 
|  50|0x0000000745400000, 0x0000000745400000, 0x0000000745500000|  0%| F|  |TAMS 0x0000000745400000, 0x0000000745400000| Untracked 
|  51|0x0000000745500000, 0x0000000745500000, 0x0000000745600000|  0%| F|  |TAMS 0x0000000745500000, 0x0000000745500000| Untracked 
|  52|0x0000000745600000, 0x0000000745600000, 0x0000000745700000|  0%| F|  |TAMS 0x0000000745600000, 0x0000000745600000| Untracked 
|  53|0x0000000745700000, 0x0000000745700000, 0x0000000745800000|  0%| F|  |TAMS 0x0000000745700000, 0x0000000745700000| Untracked 
|  54|0x0000000745800000, 0x0000000745800000, 0x0000000745900000|  0%| F|  |TAMS 0x0000000745800000, 0x0000000745800000| Untracked 
|  55|0x0000000745900000, 0x0000000745900000, 0x0000000745a00000|  0%| F|  |TAMS 0x0000000745900000, 0x0000000745900000| Untracked 
|  56|0x0000000745a00000, 0x0000000745a00000, 0x0000000745b00000|  0%| F|  |TAMS 0x0000000745a00000, 0x0000000745a00000| Untracked 
|  57|0x0000000745b00000, 0x0000000745b00000, 0x0000000745c00000|  0%| F|  |TAMS 0x0000000745b00000, 0x0000000745b00000| Untracked 
|  58|0x0000000745c00000, 0x0000000745c00000, 0x0000000745d00000|  0%| F|  |TAMS 0x0000000745c00000, 0x0000000745c00000| Untracked 
|  59|0x0000000745d00000, 0x0000000745d00000, 0x0000000745e00000|  0%| F|  |TAMS 0x0000000745d00000, 0x0000000745d00000| Untracked 
|  60|0x0000000745e00000, 0x0000000745e00000, 0x0000000745f00000|  0%| F|  |TAMS 0x0000000745e00000, 0x0000000745e00000| Untracked 
|  61|0x0000000745f00000, 0x0000000745f00000, 0x0000000746000000|  0%| F|  |TAMS 0x0000000745f00000, 0x0000000745f00000| Untracked 
|  62|0x0000000746000000, 0x0000000746000000, 0x0000000746100000|  0%| F|  |TAMS 0x0000000746000000, 0x0000000746000000| Untracked 
|  63|0x0000000746100000, 0x0000000746100000, 0x0000000746200000|  0%| F|  |TAMS 0x0000000746100000, 0x0000000746100000| Untracked 
|  64|0x0000000746200000, 0x0000000746200000, 0x0000000746300000|  0%| F|  |TAMS 0x0000000746200000, 0x0000000746200000| Untracked 
|  65|0x0000000746300000, 0x0000000746300000, 0x0000000746400000|  0%| F|  |TAMS 0x0000000746300000, 0x0000000746300000| Untracked 
|  66|0x0000000746400000, 0x0000000746400000, 0x0000000746500000|  0%| F|  |TAMS 0x0000000746400000, 0x0000000746400000| Untracked 
|  67|0x0000000746500000, 0x00000007465fd7b8, 0x0000000746600000| 99%| S|CS|TAMS 0x0000000746500000, 0x0000000746500000| Complete 
|  68|0x0000000746600000, 0x0000000746700000, 0x0000000746700000|100%| S|CS|TAMS 0x0000000746600000, 0x0000000746600000| Complete 
|  69|0x0000000746700000, 0x0000000746800000, 0x0000000746800000|100%| S|CS|TAMS 0x0000000746700000, 0x0000000746700000| Complete 
|  70|0x0000000746800000, 0x0000000746900000, 0x0000000746900000|100%| S|CS|TAMS 0x0000000746800000, 0x0000000746800000| Complete 
|  71|0x0000000746900000, 0x0000000746a00000, 0x0000000746a00000|100%| S|CS|TAMS 0x0000000746900000, 0x0000000746900000| Complete 
|  72|0x0000000746a00000, 0x0000000746b00000, 0x0000000746b00000|100%| S|CS|TAMS 0x0000000746a00000, 0x0000000746a00000| Complete 
|  73|0x0000000746b00000, 0x0000000746c00000, 0x0000000746c00000|100%| S|CS|TAMS 0x0000000746b00000, 0x0000000746b00000| Complete 
|  74|0x0000000746c00000, 0x0000000746d00000, 0x0000000746d00000|100%| S|CS|TAMS 0x0000000746c00000, 0x0000000746c00000| Complete 
|  75|0x0000000746d00000, 0x0000000746e00000, 0x0000000746e00000|100%| S|CS|TAMS 0x0000000746d00000, 0x0000000746d00000| Complete 
|  76|0x0000000746e00000, 0x0000000746e00000, 0x0000000746f00000|  0%| F|  |TAMS 0x0000000746e00000, 0x0000000746e00000| Untracked 
|  77|0x0000000746f00000, 0x0000000746f00000, 0x0000000747000000|  0%| F|  |TAMS 0x0000000746f00000, 0x0000000746f00000| Untracked 
|  78|0x0000000747000000, 0x0000000747000000, 0x0000000747100000|  0%| F|  |TAMS 0x0000000747000000, 0x0000000747000000| Untracked 
|  79|0x0000000747100000, 0x0000000747100000, 0x0000000747200000|  0%| F|  |TAMS 0x0000000747100000, 0x0000000747100000| Untracked 
|  80|0x0000000747200000, 0x0000000747200000, 0x0000000747300000|  0%| F|  |TAMS 0x0000000747200000, 0x0000000747200000| Untracked 
|  81|0x0000000747300000, 0x0000000747300000, 0x0000000747400000|  0%| F|  |TAMS 0x0000000747300000, 0x0000000747300000| Untracked 
|  82|0x0000000747400000, 0x0000000747400000, 0x0000000747500000|  0%| F|  |TAMS 0x0000000747400000, 0x0000000747400000| Untracked 
|  83|0x0000000747500000, 0x0000000747500000, 0x0000000747600000|  0%| F|  |TAMS 0x0000000747500000, 0x0000000747500000| Untracked 
|  84|0x0000000747600000, 0x0000000747600000, 0x0000000747700000|  0%| F|  |TAMS 0x0000000747600000, 0x0000000747600000| Untracked 
|  85|0x0000000747700000, 0x0000000747700000, 0x0000000747800000|  0%| F|  |TAMS 0x0000000747700000, 0x0000000747700000| Untracked 
|  86|0x0000000747800000, 0x0000000747800000, 0x0000000747900000|  0%| F|  |TAMS 0x0000000747800000, 0x0000000747800000| Untracked 
|  87|0x0000000747900000, 0x0000000747900000, 0x0000000747a00000|  0%| F|  |TAMS 0x0000000747900000, 0x0000000747900000| Untracked 
|  88|0x0000000747a00000, 0x0000000747a00000, 0x0000000747b00000|  0%| F|  |TAMS 0x0000000747a00000, 0x0000000747a00000| Untracked 
|  89|0x0000000747b00000, 0x0000000747b00000, 0x0000000747c00000|  0%| F|  |TAMS 0x0000000747b00000, 0x0000000747b00000| Untracked 
|  90|0x0000000747c00000, 0x0000000747c00000, 0x0000000747d00000|  0%| F|  |TAMS 0x0000000747c00000, 0x0000000747c00000| Untracked 
|  91|0x0000000747d00000, 0x0000000747d00000, 0x0000000747e00000|  0%| F|  |TAMS 0x0000000747d00000, 0x0000000747d00000| Untracked 
|  92|0x0000000747e00000, 0x0000000747e00000, 0x0000000747f00000|  0%| F|  |TAMS 0x0000000747e00000, 0x0000000747e00000| Untracked 
|  93|0x0000000747f00000, 0x0000000747f00000, 0x0000000748000000|  0%| F|  |TAMS 0x0000000747f00000, 0x0000000747f00000| Untracked 
|  94|0x0000000748000000, 0x0000000748000000, 0x0000000748100000|  0%| F|  |TAMS 0x0000000748000000, 0x0000000748000000| Untracked 
|  95|0x0000000748100000, 0x0000000748100000, 0x0000000748200000|  0%| F|  |TAMS 0x0000000748100000, 0x0000000748100000| Untracked 
|  96|0x0000000748200000, 0x0000000748200000, 0x0000000748300000|  0%| F|  |TAMS 0x0000000748200000, 0x0000000748200000| Untracked 
|  97|0x0000000748300000, 0x0000000748300000, 0x0000000748400000|  0%| F|  |TAMS 0x0000000748300000, 0x0000000748300000| Untracked 
|  98|0x0000000748400000, 0x0000000748400000, 0x0000000748500000|  0%| F|  |TAMS 0x0000000748400000, 0x0000000748400000| Untracked 
|  99|0x0000000748500000, 0x0000000748500000, 0x0000000748600000|  0%| F|  |TAMS 0x0000000748500000, 0x0000000748500000| Untracked 
| 100|0x0000000748600000, 0x0000000748600000, 0x0000000748700000|  0%| F|  |TAMS 0x0000000748600000, 0x0000000748600000| Untracked 
| 101|0x0000000748700000, 0x0000000748700000, 0x0000000748800000|  0%| F|  |TAMS 0x0000000748700000, 0x0000000748700000| Untracked 
| 102|0x0000000748800000, 0x0000000748800000, 0x0000000748900000|  0%| F|  |TAMS 0x0000000748800000, 0x0000000748800000| Untracked 
| 103|0x0000000748900000, 0x0000000748900000, 0x0000000748a00000|  0%| F|  |TAMS 0x0000000748900000, 0x0000000748900000| Untracked 
| 104|0x0000000748a00000, 0x0000000748a00000, 0x0000000748b00000|  0%| F|  |TAMS 0x0000000748a00000, 0x0000000748a00000| Untracked 
| 105|0x0000000748b00000, 0x0000000748b00000, 0x0000000748c00000|  0%| F|  |TAMS 0x0000000748b00000, 0x0000000748b00000| Untracked 
| 106|0x0000000748c00000, 0x0000000748c00000, 0x0000000748d00000|  0%| F|  |TAMS 0x0000000748c00000, 0x0000000748c00000| Untracked 
| 107|0x0000000748d00000, 0x0000000748d00000, 0x0000000748e00000|  0%| F|  |TAMS 0x0000000748d00000, 0x0000000748d00000| Untracked 
| 108|0x0000000748e00000, 0x0000000748e00000, 0x0000000748f00000|  0%| F|  |TAMS 0x0000000748e00000, 0x0000000748e00000| Untracked 
| 109|0x0000000748f00000, 0x0000000748f00000, 0x0000000749000000|  0%| F|  |TAMS 0x0000000748f00000, 0x0000000748f00000| Untracked 
| 110|0x0000000749000000, 0x0000000749000000, 0x0000000749100000|  0%| F|  |TAMS 0x0000000749000000, 0x0000000749000000| Untracked 
| 111|0x0000000749100000, 0x0000000749100000, 0x0000000749200000|  0%| F|  |TAMS 0x0000000749100000, 0x0000000749100000| Untracked 
| 112|0x0000000749200000, 0x0000000749200000, 0x0000000749300000|  0%| F|  |TAMS 0x0000000749200000, 0x0000000749200000| Untracked 
| 113|0x0000000749300000, 0x0000000749300000, 0x0000000749400000|  0%| F|  |TAMS 0x0000000749300000, 0x0000000749300000| Untracked 
| 114|0x0000000749400000, 0x0000000749400000, 0x0000000749500000|  0%| F|  |TAMS 0x0000000749400000, 0x0000000749400000| Untracked 
| 115|0x0000000749500000, 0x0000000749500000, 0x0000000749600000|  0%| F|  |TAMS 0x0000000749500000, 0x0000000749500000| Untracked 
| 116|0x0000000749600000, 0x0000000749600000, 0x0000000749700000|  0%| F|  |TAMS 0x0000000749600000, 0x0000000749600000| Untracked 
| 117|0x0000000749700000, 0x0000000749700000, 0x0000000749800000|  0%| F|  |TAMS 0x0000000749700000, 0x0000000749700000| Untracked 
| 118|0x0000000749800000, 0x0000000749800000, 0x0000000749900000|  0%| F|  |TAMS 0x0000000749800000, 0x0000000749800000| Untracked 
| 119|0x0000000749900000, 0x0000000749900000, 0x0000000749a00000|  0%| F|  |TAMS 0x0000000749900000, 0x0000000749900000| Untracked 
| 120|0x0000000749a00000, 0x0000000749a00000, 0x0000000749b00000|  0%| F|  |TAMS 0x0000000749a00000, 0x0000000749a00000| Untracked 
| 121|0x0000000749b00000, 0x0000000749b00000, 0x0000000749c00000|  0%| F|  |TAMS 0x0000000749b00000, 0x0000000749b00000| Untracked 
| 122|0x0000000749c00000, 0x0000000749c00000, 0x0000000749d00000|  0%| F|  |TAMS 0x0000000749c00000, 0x0000000749c00000| Untracked 
| 123|0x0000000749d00000, 0x0000000749d00000, 0x0000000749e00000|  0%| F|  |TAMS 0x0000000749d00000, 0x0000000749d00000| Untracked 
| 124|0x0000000749e00000, 0x0000000749e00000, 0x0000000749f00000|  0%| F|  |TAMS 0x0000000749e00000, 0x0000000749e00000| Untracked 
| 125|0x0000000749f00000, 0x0000000749f00000, 0x000000074a000000|  0%| F|  |TAMS 0x0000000749f00000, 0x0000000749f00000| Untracked 
| 126|0x000000074a000000, 0x000000074a000000, 0x000000074a100000|  0%| F|  |TAMS 0x000000074a000000, 0x000000074a000000| Untracked 
| 127|0x000000074a100000, 0x000000074a100000, 0x000000074a200000|  0%| F|  |TAMS 0x000000074a100000, 0x000000074a100000| Untracked 
| 128|0x000000074a200000, 0x000000074a200000, 0x000000074a300000|  0%| F|  |TAMS 0x000000074a200000, 0x000000074a200000| Untracked 
| 129|0x000000074a300000, 0x000000074a300000, 0x000000074a400000|  0%| F|  |TAMS 0x000000074a300000, 0x000000074a300000| Untracked 
| 130|0x000000074a400000, 0x000000074a400000, 0x000000074a500000|  0%| F|  |TAMS 0x000000074a400000, 0x000000074a400000| Untracked 
| 131|0x000000074a500000, 0x000000074a500000, 0x000000074a600000|  0%| F|  |TAMS 0x000000074a500000, 0x000000074a500000| Untracked 
| 132|0x000000074a600000, 0x000000074a600000, 0x000000074a700000|  0%| F|  |TAMS 0x000000074a600000, 0x000000074a600000| Untracked 
| 133|0x000000074a700000, 0x000000074a700000, 0x000000074a800000|  0%| F|  |TAMS 0x000000074a700000, 0x000000074a700000| Untracked 
| 134|0x000000074a800000, 0x000000074a800000, 0x000000074a900000|  0%| F|  |TAMS 0x000000074a800000, 0x000000074a800000| Untracked 
| 135|0x000000074a900000, 0x000000074a900000, 0x000000074aa00000|  0%| F|  |TAMS 0x000000074a900000, 0x000000074a900000| Untracked 
| 136|0x000000074aa00000, 0x000000074aa00000, 0x000000074ab00000|  0%| F|  |TAMS 0x000000074aa00000, 0x000000074aa00000| Untracked 
| 137|0x000000074ab00000, 0x000000074ab00000, 0x000000074ac00000|  0%| F|  |TAMS 0x000000074ab00000, 0x000000074ab00000| Untracked 
| 138|0x000000074ac00000, 0x000000074ac00000, 0x000000074ad00000|  0%| F|  |TAMS 0x000000074ac00000, 0x000000074ac00000| Untracked 
| 139|0x000000074ad00000, 0x000000074ad00000, 0x000000074ae00000|  0%| F|  |TAMS 0x000000074ad00000, 0x000000074ad00000| Untracked 
| 140|0x000000074ae00000, 0x000000074ae00000, 0x000000074af00000|  0%| F|  |TAMS 0x000000074ae00000, 0x000000074ae00000| Untracked 
| 141|0x000000074af00000, 0x000000074af00000, 0x000000074b000000|  0%| F|  |TAMS 0x000000074af00000, 0x000000074af00000| Untracked 
| 142|0x000000074b000000, 0x000000074b000000, 0x000000074b100000|  0%| F|  |TAMS 0x000000074b000000, 0x000000074b000000| Untracked 
| 143|0x000000074b100000, 0x000000074b100000, 0x000000074b200000|  0%| F|  |TAMS 0x000000074b100000, 0x000000074b100000| Untracked 
| 144|0x000000074b200000, 0x000000074b200000, 0x000000074b300000|  0%| F|  |TAMS 0x000000074b200000, 0x000000074b200000| Untracked 
| 145|0x000000074b300000, 0x000000074b300000, 0x000000074b400000|  0%| F|  |TAMS 0x000000074b300000, 0x000000074b300000| Untracked 
| 146|0x000000074b400000, 0x000000074b400000, 0x000000074b500000|  0%| F|  |TAMS 0x000000074b400000, 0x000000074b400000| Untracked 
| 147|0x000000074b500000, 0x000000074b500000, 0x000000074b600000|  0%| F|  |TAMS 0x000000074b500000, 0x000000074b500000| Untracked 
| 148|0x000000074b600000, 0x000000074b600000, 0x000000074b700000|  0%| F|  |TAMS 0x000000074b600000, 0x000000074b600000| Untracked 
| 149|0x000000074b700000, 0x000000074b700000, 0x000000074b800000|  0%| F|  |TAMS 0x000000074b700000, 0x000000074b700000| Untracked 
| 150|0x000000074b800000, 0x000000074b800000, 0x000000074b900000|  0%| F|  |TAMS 0x000000074b800000, 0x000000074b800000| Untracked 
| 151|0x000000074b900000, 0x000000074b900000, 0x000000074ba00000|  0%| F|  |TAMS 0x000000074b900000, 0x000000074b900000| Untracked 
| 152|0x000000074ba00000, 0x000000074ba00000, 0x000000074bb00000|  0%| F|  |TAMS 0x000000074ba00000, 0x000000074ba00000| Untracked 
| 153|0x000000074bb00000, 0x000000074bb00000, 0x000000074bc00000|  0%| F|  |TAMS 0x000000074bb00000, 0x000000074bb00000| Untracked 
| 154|0x000000074bc00000, 0x000000074bc00000, 0x000000074bd00000|  0%| F|  |TAMS 0x000000074bc00000, 0x000000074bc00000| Untracked 
| 155|0x000000074bd00000, 0x000000074bd00000, 0x000000074be00000|  0%| F|  |TAMS 0x000000074bd00000, 0x000000074bd00000| Untracked 
| 156|0x000000074be00000, 0x000000074be00000, 0x000000074bf00000|  0%| F|  |TAMS 0x000000074be00000, 0x000000074be00000| Untracked 
| 157|0x000000074bf00000, 0x000000074bf00000, 0x000000074c000000|  0%| F|  |TAMS 0x000000074bf00000, 0x000000074bf00000| Untracked 
| 158|0x000000074c000000, 0x000000074c000000, 0x000000074c100000|  0%| F|  |TAMS 0x000000074c000000, 0x000000074c000000| Untracked 
| 159|0x000000074c100000, 0x000000074c100000, 0x000000074c200000|  0%| F|  |TAMS 0x000000074c100000, 0x000000074c100000| Untracked 
| 160|0x000000074c200000, 0x000000074c200000, 0x000000074c300000|  0%| F|  |TAMS 0x000000074c200000, 0x000000074c200000| Untracked 
| 161|0x000000074c300000, 0x000000074c300000, 0x000000074c400000|  0%| F|  |TAMS 0x000000074c300000, 0x000000074c300000| Untracked 
| 162|0x000000074c400000, 0x000000074c400000, 0x000000074c500000|  0%| F|  |TAMS 0x000000074c400000, 0x000000074c400000| Untracked 
| 163|0x000000074c500000, 0x000000074c500000, 0x000000074c600000|  0%| F|  |TAMS 0x000000074c500000, 0x000000074c500000| Untracked 
| 164|0x000000074c600000, 0x000000074c600000, 0x000000074c700000|  0%| F|  |TAMS 0x000000074c600000, 0x000000074c600000| Untracked 
| 165|0x000000074c700000, 0x000000074c700000, 0x000000074c800000|  0%| F|  |TAMS 0x000000074c700000, 0x000000074c700000| Untracked 
| 166|0x000000074c800000, 0x000000074c800000, 0x000000074c900000|  0%| F|  |TAMS 0x000000074c800000, 0x000000074c800000| Untracked 
| 167|0x000000074c900000, 0x000000074c980800, 0x000000074ca00000| 50%| E|  |TAMS 0x000000074c900000, 0x000000074c900000| Complete 
| 168|0x000000074ca00000, 0x000000074cb00000, 0x000000074cb00000|100%| E|CS|TAMS 0x000000074ca00000, 0x000000074ca00000| Complete 
| 169|0x000000074cb00000, 0x000000074cc00000, 0x000000074cc00000|100%| E|CS|TAMS 0x000000074cb00000, 0x000000074cb00000| Complete 
| 170|0x000000074cc00000, 0x000000074cd00000, 0x000000074cd00000|100%| E|CS|TAMS 0x000000074cc00000, 0x000000074cc00000| Complete 
| 171|0x000000074cd00000, 0x000000074ce00000, 0x000000074ce00000|100%| E|CS|TAMS 0x000000074cd00000, 0x000000074cd00000| Complete 
| 172|0x000000074ce00000, 0x000000074cf00000, 0x000000074cf00000|100%| E|CS|TAMS 0x000000074ce00000, 0x000000074ce00000| Complete 
| 173|0x000000074cf00000, 0x000000074d000000, 0x000000074d000000|100%| E|CS|TAMS 0x000000074cf00000, 0x000000074cf00000| Complete 
| 174|0x000000074d000000, 0x000000074d100000, 0x000000074d100000|100%| E|CS|TAMS 0x000000074d000000, 0x000000074d000000| Complete 
| 175|0x000000074d100000, 0x000000074d200000, 0x000000074d200000|100%| E|CS|TAMS 0x000000074d100000, 0x000000074d100000| Complete 
| 176|0x000000074d200000, 0x000000074d300000, 0x000000074d300000|100%| E|CS|TAMS 0x000000074d200000, 0x000000074d200000| Complete 
| 177|0x000000074d300000, 0x000000074d400000, 0x000000074d400000|100%| E|CS|TAMS 0x000000074d300000, 0x000000074d300000| Complete 
| 178|0x000000074d400000, 0x000000074d500000, 0x000000074d500000|100%| E|CS|TAMS 0x000000074d400000, 0x000000074d400000| Complete 
| 179|0x000000074d500000, 0x000000074d600000, 0x000000074d600000|100%| E|CS|TAMS 0x000000074d500000, 0x000000074d500000| Complete 
| 180|0x000000074d600000, 0x000000074d700000, 0x000000074d700000|100%| E|CS|TAMS 0x000000074d600000, 0x000000074d600000| Complete 
| 181|0x000000074d700000, 0x000000074d800000, 0x000000074d800000|100%| E|CS|TAMS 0x000000074d700000, 0x000000074d700000| Complete 
| 182|0x000000074d800000, 0x000000074d900000, 0x000000074d900000|100%| E|CS|TAMS 0x000000074d800000, 0x000000074d800000| Complete 
| 183|0x000000074d900000, 0x000000074da00000, 0x000000074da00000|100%| E|CS|TAMS 0x000000074d900000, 0x000000074d900000| Complete 
| 184|0x000000074da00000, 0x000000074db00000, 0x000000074db00000|100%| E|CS|TAMS 0x000000074da00000, 0x000000074da00000| Complete 
| 185|0x000000074db00000, 0x000000074dc00000, 0x000000074dc00000|100%| E|CS|TAMS 0x000000074db00000, 0x000000074db00000| Complete 
| 186|0x000000074dc00000, 0x000000074dd00000, 0x000000074dd00000|100%| E|CS|TAMS 0x000000074dc00000, 0x000000074dc00000| Complete 
| 187|0x000000074dd00000, 0x000000074de00000, 0x000000074de00000|100%| E|CS|TAMS 0x000000074dd00000, 0x000000074dd00000| Complete 
| 188|0x000000074de00000, 0x000000074df00000, 0x000000074df00000|100%| E|CS|TAMS 0x000000074de00000, 0x000000074de00000| Complete 
| 189|0x000000074df00000, 0x000000074e000000, 0x000000074e000000|100%| E|CS|TAMS 0x000000074df00000, 0x000000074df00000| Complete 
| 190|0x000000074e000000, 0x000000074e100000, 0x000000074e100000|100%| E|CS|TAMS 0x000000074e000000, 0x000000074e000000| Complete 
| 191|0x000000074e100000, 0x000000074e200000, 0x000000074e200000|100%| E|CS|TAMS 0x000000074e100000, 0x000000074e100000| Complete 
| 192|0x000000074e200000, 0x000000074e300000, 0x000000074e300000|100%| E|CS|TAMS 0x000000074e200000, 0x000000074e200000| Complete 
| 193|0x000000074e300000, 0x000000074e400000, 0x000000074e400000|100%| E|CS|TAMS 0x000000074e300000, 0x000000074e300000| Complete 
| 194|0x000000074e400000, 0x000000074e500000, 0x000000074e500000|100%| E|CS|TAMS 0x000000074e400000, 0x000000074e400000| Complete 
| 195|0x000000074e500000, 0x000000074e600000, 0x000000074e600000|100%| E|CS|TAMS 0x000000074e500000, 0x000000074e500000| Complete 
| 196|0x000000074e600000, 0x000000074e700000, 0x000000074e700000|100%| E|CS|TAMS 0x000000074e600000, 0x000000074e600000| Complete 
| 197|0x000000074e700000, 0x000000074e800000, 0x000000074e800000|100%| E|CS|TAMS 0x000000074e700000, 0x000000074e700000| Complete 
| 198|0x000000074e800000, 0x000000074e900000, 0x000000074e900000|100%| E|CS|TAMS 0x000000074e800000, 0x000000074e800000| Complete 
| 199|0x000000074e900000, 0x000000074ea00000, 0x000000074ea00000|100%| E|CS|TAMS 0x000000074e900000, 0x000000074e900000| Complete 
| 200|0x000000074ea00000, 0x000000074eb00000, 0x000000074eb00000|100%| E|CS|TAMS 0x000000074ea00000, 0x000000074ea00000| Complete 
| 201|0x000000074eb00000, 0x000000074ec00000, 0x000000074ec00000|100%| E|CS|TAMS 0x000000074eb00000, 0x000000074eb00000| Complete 
| 202|0x000000074ec00000, 0x000000074ed00000, 0x000000074ed00000|100%| E|CS|TAMS 0x000000074ec00000, 0x000000074ec00000| Complete 
| 203|0x000000074ed00000, 0x000000074ee00000, 0x000000074ee00000|100%| E|CS|TAMS 0x000000074ed00000, 0x000000074ed00000| Complete 
| 204|0x000000074ee00000, 0x000000074ef00000, 0x000000074ef00000|100%| E|CS|TAMS 0x000000074ee00000, 0x000000074ee00000| Complete 
| 205|0x000000074ef00000, 0x000000074f000000, 0x000000074f000000|100%| E|  |TAMS 0x000000074ef00000, 0x000000074ef00000| Complete 
| 206|0x000000074f000000, 0x000000074f100000, 0x000000074f100000|100%| E|CS|TAMS 0x000000074f000000, 0x000000074f000000| Complete 
| 207|0x000000074f100000, 0x000000074f200000, 0x000000074f200000|100%| E|CS|TAMS 0x000000074f100000, 0x000000074f100000| Complete 
| 208|0x000000074f200000, 0x000000074f300000, 0x000000074f300000|100%| E|CS|TAMS 0x000000074f200000, 0x000000074f200000| Complete 
| 209|0x000000074f300000, 0x000000074f400000, 0x000000074f400000|100%| E|CS|TAMS 0x000000074f300000, 0x000000074f300000| Complete 
| 210|0x000000074f400000, 0x000000074f500000, 0x000000074f500000|100%| E|CS|TAMS 0x000000074f400000, 0x000000074f400000| Complete 
| 211|0x000000074f500000, 0x000000074f600000, 0x000000074f600000|100%| E|CS|TAMS 0x000000074f500000, 0x000000074f500000| Complete 
| 212|0x000000074f600000, 0x000000074f700000, 0x000000074f700000|100%| E|CS|TAMS 0x000000074f600000, 0x000000074f600000| Complete 
| 213|0x000000074f700000, 0x000000074f800000, 0x000000074f800000|100%| E|CS|TAMS 0x000000074f700000, 0x000000074f700000| Complete 
| 214|0x000000074f800000, 0x000000074f900000, 0x000000074f900000|100%| E|CS|TAMS 0x000000074f800000, 0x000000074f800000| Complete 
| 215|0x000000074f900000, 0x000000074fa00000, 0x000000074fa00000|100%| E|CS|TAMS 0x000000074f900000, 0x000000074f900000| Complete 
| 216|0x000000074fa00000, 0x000000074fb00000, 0x000000074fb00000|100%| E|CS|TAMS 0x000000074fa00000, 0x000000074fa00000| Complete 
| 217|0x000000074fb00000, 0x000000074fc00000, 0x000000074fc00000|100%| E|CS|TAMS 0x000000074fb00000, 0x000000074fb00000| Complete 
| 218|0x000000074fc00000, 0x000000074fd00000, 0x000000074fd00000|100%| E|CS|TAMS 0x000000074fc00000, 0x000000074fc00000| Complete 
| 219|0x000000074fd00000, 0x000000074fe00000, 0x000000074fe00000|100%| E|CS|TAMS 0x000000074fd00000, 0x000000074fd00000| Complete 
| 220|0x000000074fe00000, 0x000000074ff00000, 0x000000074ff00000|100%| E|CS|TAMS 0x000000074fe00000, 0x000000074fe00000| Complete 
| 221|0x000000074ff00000, 0x0000000750000000, 0x0000000750000000|100%| E|CS|TAMS 0x000000074ff00000, 0x000000074ff00000| Complete 
| 222|0x0000000750000000, 0x0000000750100000, 0x0000000750100000|100%| E|CS|TAMS 0x0000000750000000, 0x0000000750000000| Complete 
| 223|0x0000000750100000, 0x0000000750200000, 0x0000000750200000|100%| E|CS|TAMS 0x0000000750100000, 0x0000000750100000| Complete 
| 224|0x0000000750200000, 0x0000000750300000, 0x0000000750300000|100%| E|CS|TAMS 0x0000000750200000, 0x0000000750200000| Complete 
| 225|0x0000000750300000, 0x0000000750400000, 0x0000000750400000|100%| E|CS|TAMS 0x0000000750300000, 0x0000000750300000| Complete 
| 226|0x0000000750400000, 0x0000000750500000, 0x0000000750500000|100%| E|CS|TAMS 0x0000000750400000, 0x0000000750400000| Complete 
| 227|0x0000000750500000, 0x0000000750600000, 0x0000000750600000|100%| E|CS|TAMS 0x0000000750500000, 0x0000000750500000| Complete 

Card table byte_map: [0x000001f8fae60000,0x000001f8fb450000] _byte_map_base: 0x000001f8f744f000

Marking Bits (Prev, Next): (CMBitMap*) 0x000001f8e35c0c28, (CMBitMap*) 0x000001f8e35c0c60
 Prev Bits: [0x000001f8fba40000, 0x000001f8fe9b8000)
 Next Bits: [0x000001f880000000, 0x000001f882f78000)

Polling page: 0x000001f8e2cf0000

Metaspace:

Usage:
  Non-class:     38.27 MB capacity,    37.87 MB ( 99%) used,   318.60 KB ( <1%) free+waste,    85.13 KB ( <1%) overhead. 
      Class:      4.89 MB capacity,     4.64 MB ( 95%) used,   213.34 KB (  4%) free+waste,    38.31 KB ( <1%) overhead. 
       Both:     43.16 MB capacity,    42.52 MB ( 99%) used,   531.95 KB (  1%) free+waste,   123.44 KB ( <1%) overhead. 

Virtual space:
  Non-class space:       40.00 MB reserved,      38.42 MB ( 96%) committed 
      Class space:        1.00 GB reserved,       5.00 MB ( <1%) committed 
             Both:        1.04 GB reserved,      43.42 MB (  4%) committed 

Chunk freelists:
   Non-Class:  3.25 KB
       Class:  2.25 KB
        Both:  5.50 KB

CodeHeap 'non-profiled nmethods': size=120064Kb used=2419Kb max_used=2419Kb free=117645Kb
 bounds [0x000001f8f3330000, 0x000001f8f35a0000, 0x000001f8fa870000]
CodeHeap 'profiled nmethods': size=120000Kb used=7386Kb max_used=7386Kb free=112613Kb
 bounds [0x000001f8ebe00000, 0x000001f8ec540000, 0x000001f8f3330000]
CodeHeap 'non-nmethods': size=5696Kb used=1251Kb max_used=1293Kb free=4444Kb
 bounds [0x000001f8eb870000, 0x000001f8ebae0000, 0x000001f8ebe00000]
 total_blobs=4445 nmethods=3095 adapters=532
 compilation: enabled
              stopped_count=0, restarted_count=0
 full_count=0

Compilation events (10 events):
Event: 14.069 Thread 0x000001f885f47800 nmethod 3225 0x000001f8f358b410 code [0x000001f8f358b5e0, 0x000001f8f358be68]
Event: 14.069 Thread 0x000001f885f47800 3227       4       io.ebean.enhance.asm.MethodVisitor::visitMethodInsn (80 bytes)
Event: 14.070 Thread 0x000001f885f47800 nmethod 3227 0x000001f8f358c510 code [0x000001f8f358c6c0, 0x000001f8f358c7c8]
Event: 14.070 Thread 0x000001f885f47800 2818       4       io.ebean.enhance.asm.MethodVisitor::visitEnd (15 bytes)
Event: 14.071 Thread 0x000001f885f47800 nmethod 2818 0x000001f8f358c910 code [0x000001f8f358caa0, 0x000001f8f358cb38]
Event: 14.071 Thread 0x000001f885f47800 3226       4       io.ebean.enhance.asm.commons.LocalVariablesSorter::visitLocalVariable (26 bytes)
Event: 14.084 Thread 0x000001f8ff78e000 3230       2       java.util.regex.Pattern::skip (23 bytes)
Event: 14.084 Thread 0x000001f8ff78e000 nmethod 3230 0x000001f8ec533510 code [0x000001f8ec5336c0, 0x000001f8ec533858]
Event: 14.084 Thread 0x000001f8ff78e000 3231       2       java.lang.invoke.Invokers$Holder::linkToTargetMethod (10 bytes)
Event: 14.084 Thread 0x000001f8ff78e000 nmethod 3231 0x000001f8ec533910 code [0x000001f8ec533ae0, 0x000001f8ec533ca0]

GC Heap History (10 events):
Event: 3.002 GC heap before
{Heap before GC invocations=4 (full 0):
 garbage-first heap   total 194560K, used 15052K [0x0000000742200000, 0x0000000800000000)
  region size 1024K, 8 young (8192K), 4 survivors (4096K)
 Metaspace       used 20721K, capacity 21127K, committed 21248K, reserved 1069056K
  class space    used 2134K, capacity 2278K, committed 2304K, reserved 1048576K
}
Event: 3.009 GC heap after
{Heap after GC invocations=5 (full 0):
 garbage-first heap   total 194560K, used 12150K [0x0000000742200000, 0x0000000800000000)
  region size 1024K, 4 young (4096K), 4 survivors (4096K)
 Metaspace       used 20721K, capacity 21127K, committed 21248K, reserved 1069056K
  class space    used 2134K, capacity 2278K, committed 2304K, reserved 1048576K
}
Event: 4.362 GC heap before
{Heap before GC invocations=6 (full 0):
 garbage-first heap   total 194560K, used 75638K [0x0000000742200000, 0x0000000800000000)
  region size 1024K, 67 young (68608K), 4 survivors (4096K)
 Metaspace       used 23140K, capacity 23550K, committed 23680K, reserved 1071104K
  class space    used 2462K, capacity 2617K, committed 2688K, reserved 1048576K
}
Event: 4.367 GC heap after
{Heap after GC invocations=7 (full 0):
 garbage-first heap   total 194560K, used 11686K [0x0000000742200000, 0x0000000800000000)
  region size 1024K, 5 young (5120K), 5 survivors (5120K)
 Metaspace       used 23140K, capacity 23550K, committed 23680K, reserved 1071104K
  class space    used 2462K, capacity 2617K, committed 2688K, reserved 1048576K
}
Event: 6.695 GC heap before
{Heap before GC invocations=7 (full 0):
 garbage-first heap   total 194560K, used 100774K [0x0000000742200000, 0x0000000800000000)
  region size 1024K, 92 young (94208K), 5 survivors (5120K)
 Metaspace       used 33172K, capacity 33760K, committed 33920K, reserved 1079296K
  class space    used 3710K, capacity 3958K, committed 3968K, reserved 1048576K
}
Event: 6.707 GC heap after
{Heap after GC invocations=8 (full 0):
 garbage-first heap   total 194560K, used 14807K [0x0000000742200000, 0x0000000800000000)
  region size 1024K, 8 young (8192K), 8 survivors (8192K)
 Metaspace       used 33172K, capacity 33760K, committed 33920K, reserved 1079296K
  class space    used 3710K, capacity 3958K, committed 3968K, reserved 1048576K
}
Event: 7.153 GC heap before
{Heap before GC invocations=8 (full 0):
 garbage-first heap   total 194560K, used 43479K [0x0000000742200000, 0x0000000800000000)
  region size 1024K, 37 young (37888K), 8 survivors (8192K)
 Metaspace       used 34901K, capacity 35474K, committed 35628K, reserved 1081344K
  class space    used 3901K, capacity 4170K, committed 4224K, reserved 1048576K
}
Event: 7.165 GC heap after
{Heap after GC invocations=9 (full 0):
 garbage-first heap   total 194560K, used 15046K [0x0000000742200000, 0x0000000800000000)
  region size 1024K, 8 young (8192K), 8 survivors (8192K)
 Metaspace       used 34901K, capacity 35474K, committed 35628K, reserved 1081344K
  class space    used 3901K, capacity 4170K, committed 4224K, reserved 1048576K
}
Event: 12.862 GC heap before
{Heap before GC invocations=10 (full 0):
 garbage-first heap   total 194560K, used 123590K [0x0000000742200000, 0x0000000800000000)
  region size 1024K, 114 young (116736K), 8 survivors (8192K)
 Metaspace       used 38351K, capacity 38987K, committed 39084K, reserved 1083392K
  class space    used 4314K, capacity 4599K, committed 4608K, reserved 1048576K
}
Event: 12.874 GC heap after
{Heap after GC invocations=11 (full 0):
 garbage-first heap   total 233472K, used 16473K [0x0000000742200000, 0x0000000800000000)
  region size 1024K, 9 young (9216K), 9 survivors (9216K)
 Metaspace       used 38351K, capacity 38987K, committed 39084K, reserved 1083392K
  class space    used 4314K, capacity 4599K, committed 4608K, reserved 1048576K
}

Deoptimization events (10 events):
Event: 13.115 Thread 0x000001f886612000 Uncommon trap: reason=unstable_if action=reinterpret pc=0x000001f8f348d5ec method=io.ebean.enhance.asm.Label.accept(Lio/ebean/enhance/asm/MethodVisitor;Z)V @ 32 c2
Event: 13.116 Thread 0x000001f886612000 Uncommon trap: reason=unstable_if action=reinterpret pc=0x000001f8f353d5ec method=io.ebean.enhance.asm.Frame.execute(IILio/ebean/enhance/asm/Symbol;Lio/ebean/enhance/asm/SymbolTable;)V @ 1350 c2
Event: 13.198 Thread 0x000001f886612000 Uncommon trap: reason=unstable_if action=reinterpret pc=0x000001f8f354de10 method=io.ebean.enhance.asm.ClassReader.readCode(Lio/ebean/enhance/asm/MethodVisitor;Lio/ebean/enhance/asm/Context;I)V @ 2373 c2
Event: 13.291 Thread 0x000001f886612000 Uncommon trap: reason=class_check action=maybe_recompile pc=0x000001f8f347fe08 method=io.ebean.enhance.asm.commons.LocalVariablesSorter.visitFrame(II[Ljava/lang/Object;I[Ljava/lang/Object;)V @ 144 c2
Event: 13.670 Thread 0x000001f886612000 Uncommon trap: reason=bimorphic_or_optimized_type_check action=maybe_recompile pc=0x000001f8f33c9b98 method=java.util.HashMap.putVal(ILjava/lang/Object;Ljava/lang/Object;ZZ)Ljava/lang/Object; @ 203 c2
Event: 13.671 Thread 0x000001f886612000 Uncommon trap: reason=bimorphic_or_optimized_type_check action=maybe_recompile pc=0x000001f8f33c9b98 method=java.util.HashMap.putVal(ILjava/lang/Object;Ljava/lang/Object;ZZ)Ljava/lang/Object; @ 203 c2
Event: 13.671 Thread 0x000001f886612000 Uncommon trap: reason=bimorphic_or_optimized_type_check action=maybe_recompile pc=0x000001f8f33c9b98 method=java.util.HashMap.putVal(ILjava/lang/Object;Ljava/lang/Object;ZZ)Ljava/lang/Object; @ 203 c2
Event: 13.674 Thread 0x000001f886612000 Uncommon trap: reason=bimorphic_or_optimized_type_check action=maybe_recompile pc=0x000001f8f33c9b98 method=java.util.HashMap.putVal(ILjava/lang/Object;Ljava/lang/Object;ZZ)Ljava/lang/Object; @ 203 c2
Event: 13.913 Thread 0x000001f886612000 Uncommon trap: reason=unstable_if action=reinterpret pc=0x000001f8f357a730 method=java.net.URL.toLowerCase(Ljava/lang/String;)Ljava/lang/String; @ 24 c2
Event: 13.917 Thread 0x000001f886612000 Uncommon trap: reason=unstable_if action=reinterpret pc=0x000001f8f34dead4 method=java.net.URLStreamHandler.parseURL(Ljava/net/URL;Ljava/lang/String;II)V @ 155 c2

Classes redefined (0 events):
No events

Internal exceptions (10 events):
Event: 7.290 Thread 0x000001f886612000 Exception <a 'java/lang/NoSuchMethodError'{0x000000074d538568}: java.lang.invoke.DirectMethodHandle$Holder.invokeStatic(Ljava/lang/Object;JLjava/lang/Object;)Ljava/lang/Object;> (0x000000074d538568) thrown at [t:/workspace/open/src/hotspot/share/interpret
Event: 7.291 Thread 0x000001f886612000 Exception <a 'java/lang/NoSuchMethodError'{0x000000074d53e920}: java.lang.invoke.DirectMethodHandle$Holder.invokeStatic(Ljava/lang/Object;J)Ljava/lang/Object;> (0x000000074d53e920) thrown at [t:/workspace/open/src/hotspot/share/interpreter/linkResolver.cp
Event: 7.292 Thread 0x000001f886612000 Exception <a 'java/lang/NoSuchMethodError'{0x000000074d541c48}: java.lang.invoke.DirectMethodHandle$Holder.invokeSpecial(Ljava/lang/Object;Ljava/lang/Object;J)Ljava/lang/Object;> (0x000000074d541c48) thrown at [t:/workspace/open/src/hotspot/share/interpre
Event: 7.617 Thread 0x000001f886612000 Exception <a 'java/lang/NoSuchMethodError'{0x000000074ae7fd50}: java.lang.invoke.DirectMethodHandle$Holder.invokeStaticInit(Ljava/lang/Object;Ljava/lang/Object;JLjava/lang/Object;)Ljava/lang/Object;> (0x000000074ae7fd50) thrown at [t:/workspace/open/src/h
Event: 7.833 Thread 0x000001f886612000 Exception <a 'java/lang/NoSuchMethodError'{0x0000000749fe31a0}: java.lang.invoke.DirectMethodHandle$Holder.invokeSpecial(Ljava/lang/Object;Ljava/lang/Object;Ljava/lang/Object;Ljava/lang/Object;Ljava/lang/Object;Ljava/lang/Object;Ljava/lang/Object;Ljava/la
Event: 7.834 Thread 0x000001f886612000 Exception <a 'java/lang/NoSuchMethodError'{0x0000000749fe7688}: java.lang.invoke.Invokers$Holder.linkToTargetMethod(Ljava/lang/Object;Ljava/lang/Object;Ljava/lang/Object;Ljava/lang/Object;Ljava/lang/Object;Ljava/lang/Object;Ljava/lang/Object;Ljava/lang/Ob
Event: 13.885 Thread 0x000001f886612000 Exception <a 'java/lang/NoSuchMethodError'{0x000000074d41d038}: java.lang.invoke.DirectMethodHandle$Holder.invokeStaticInit(Ljava/lang/Object;Ljava/lang/Object;Ljava/lang/Object;Ljava/lang/Object;)I> (0x000000074d41d038) thrown at [t:/workspace/open/src/h
Event: 13.887 Thread 0x000001f886612000 Exception <a 'java/lang/IncompatibleClassChangeError'{0x000000074d426110}: Found class java.lang.Object, but interface was expected> (0x000000074d426110) thrown at [t:/workspace/open/src/hotspot/share/interpreter/linkResolver.cpp, line 838]
Event: 13.888 Thread 0x000001f886612000 Exception <a 'java/lang/NoSuchMethodError'{0x000000074d42b3f8}: java.lang.invoke.DirectMethodHandle$Holder.invokeStaticInit(Ljava/lang/Object;Ljava/lang/Object;)I> (0x000000074d42b3f8) thrown at [t:/workspace/open/src/hotspot/share/interpreter/linkResolve
Event: 13.900 Thread 0x000001f886612000 Exception <a 'sun/nio/fs/WindowsException'{0x000000074d45c770}> (0x000000074d45c770) thrown at [t:/workspace/open/src/hotspot/share/prims/jni.cpp, line 615]

Events (10 events):
Event: 14.082 loading class retrofit2/ParameterHandler$Tag
Event: 14.082 loading class retrofit2/ParameterHandler$Tag done
Event: 14.084 loading class retrofit2/http/GET
Event: 14.084 loading class retrofit2/http/GET done
Event: 14.087 loading class retrofit2/http/DELETE
Event: 14.087 loading class retrofit2/http/DELETE done
Event: 14.089 loading class org/example/Retrofit/Post
Event: 14.089 loading class org/example/Retrofit/Post done
Event: 14.090 loading class retrofit2/Utils
Event: 14.090 loading class retrofit2/Utils done


Dynamic libraries:
0x00007ff6f82a0000 - 0x00007ff6f82e5000 	C:\Program Files\Java\jdk-11.0.2\bin\java.exe
0x00007ffaec9f0000 - 0x00007ffaecbe8000 	C:\Windows\SYSTEM32\ntdll.dll
0x00007ffaeb530000 - 0x00007ffaeb5ed000 	C:\Windows\System32\KERNEL32.DLL
0x00007ffaea630000 - 0x00007ffaea926000 	C:\Windows\System32\KERNELBASE.dll
0x00007ffaeb260000 - 0x00007ffaeb3ff000 	C:\Windows\System32\USER32.dll
0x00007ffaea210000 - 0x00007ffaea232000 	C:\Windows\System32\win32u.dll
0x00007ffaec680000 - 0x00007ffaec6ab000 	C:\Windows\System32\GDI32.dll
0x00007ffaea240000 - 0x00007ffaea357000 	C:\Windows\System32\gdi32full.dll
0x00007ffaea4b0000 - 0x00007ffaea54d000 	C:\Windows\System32\msvcp_win.dll
0x00007ffaea930000 - 0x00007ffaeaa30000 	C:\Windows\System32\ucrtbase.dll
0x00007ffadc700000 - 0x00007ffadc99a000 	C:\Windows\WinSxS\amd64_microsoft.windows.common-controls_6595b64144ccf1df_6.0.19041.4355_none_60b8b9eb71f62e16\COMCTL32.dll
0x00007ffaeac50000 - 0x00007ffaeacee000 	C:\Windows\System32\msvcrt.dll
0x00007ffaeaa30000 - 0x00007ffaeaa5f000 	C:\Windows\System32\IMM32.DLL
0x00007ffae1ca0000 - 0x00007ffae1cb6000 	C:\Program Files\Java\jdk-11.0.2\bin\vcruntime140.dll
0x00007ffac6d10000 - 0x00007ffac6dba000 	C:\Program Files\Java\jdk-11.0.2\bin\msvcp140.dll
0x00007ffa82180000 - 0x00007ffa82ca3000 	C:\Program Files\Java\jdk-11.0.2\bin\server\jvm.dll
0x00007ffaeb700000 - 0x00007ffaeb7b0000 	C:\Windows\System32\ADVAPI32.dll
0x00007ffaeaa60000 - 0x00007ffaeab00000 	C:\Windows\System32\sechost.dll
0x00007ffaec3f0000 - 0x00007ffaec513000 	C:\Windows\System32\RPCRT4.dll
0x00007ffaea600000 - 0x00007ffaea627000 	C:\Windows\System32\bcrypt.dll
0x00007ffaec5f0000 - 0x00007ffaec5f8000 	C:\Windows\System32\PSAPI.DLL
0x00007ffad8d20000 - 0x00007ffad8d47000 	C:\Windows\SYSTEM32\WINMM.dll
0x00007ffa8f240000 - 0x00007ffa8f249000 	C:\Windows\SYSTEM32\WSOCK32.dll
0x00007ffaec940000 - 0x00007ffaec9ab000 	C:\Windows\System32\WS2_32.dll
0x00007ffad8880000 - 0x00007ffad888a000 	C:\Windows\SYSTEM32\VERSION.dll
0x00007ffae7ed0000 - 0x00007ffae7ee2000 	C:\Windows\SYSTEM32\kernel.appcore.dll
0x00007ffae0020000 - 0x00007ffae0031000 	C:\Program Files\Java\jdk-11.0.2\bin\verify.dll
0x00007ffadd660000 - 0x00007ffadd844000 	C:\Windows\SYSTEM32\DBGHELP.DLL
0x00007ffad38e0000 - 0x00007ffad3914000 	C:\Windows\SYSTEM32\dbgcore.DLL
0x00007ffaea360000 - 0x00007ffaea3e2000 	C:\Windows\System32\bcryptPrimitives.dll
0x00007ffadc0d0000 - 0x00007ffadc0f8000 	C:\Program Files\Java\jdk-11.0.2\bin\java.dll
0x00007ffad3400000 - 0x00007ffad342f000 	C:\Program Files\Java\jdk-11.0.2\bin\instrument.dll
0x00007ffadccf0000 - 0x00007ffadcd06000 	C:\Program Files\Java\jdk-11.0.2\bin\zip.dll
0x00007ffae69f0000 - 0x00007ffae69fa000 	C:\Program Files\Java\jdk-11.0.2\bin\jimage.dll
0x00007ffaebc20000 - 0x00007ffaec38c000 	C:\Windows\System32\SHELL32.dll
0x00007ffae80d0000 - 0x00007ffae886d000 	C:\Windows\SYSTEM32\windows.storage.dll
0x00007ffaeacf0000 - 0x00007ffaeb043000 	C:\Windows\System32\combase.dll
0x00007ffae99f0000 - 0x00007ffae9a1e000 	C:\Windows\SYSTEM32\Wldp.dll
0x00007ffaec520000 - 0x00007ffaec5ed000 	C:\Windows\System32\OLEAUT32.dll
0x00007ffaec7e0000 - 0x00007ffaec88d000 	C:\Windows\System32\SHCORE.dll
0x00007ffaec390000 - 0x00007ffaec3e5000 	C:\Windows\System32\shlwapi.dll
0x00007ffae9fe0000 - 0x00007ffaea004000 	C:\Windows\SYSTEM32\profapi.dll
0x00007ffadcca0000 - 0x00007ffadccb9000 	C:\Program Files\Java\jdk-11.0.2\bin\net.dll
0x00007ffae36a0000 - 0x00007ffae37aa000 	C:\Windows\SYSTEM32\WINHTTP.dll
0x00007ffae0ef0000 - 0x00007ffae10dc000 	C:\Windows\SYSTEM32\urlmon.dll
0x00007ffae1260000 - 0x00007ffae151e000 	C:\Windows\SYSTEM32\iertutil.dll
0x00007ffae0ec0000 - 0x00007ffae0ee8000 	C:\Windows\SYSTEM32\srvcli.dll
0x00007ffae94c0000 - 0x00007ffae94cc000 	C:\Windows\SYSTEM32\netutils.dll
0x00007ffae97d0000 - 0x00007ffae983a000 	C:\Windows\system32\mswsock.dll
0x00007ffadcb50000 - 0x00007ffadcb63000 	C:\Program Files\Java\jdk-11.0.2\bin\nio.dll
0x00007ffae1c70000 - 0x00007ffae1c79000 	C:\Program Files\Java\jdk-11.0.2\bin\management.dll
0x00007ffae1c10000 - 0x00007ffae1c1c000 	C:\Program Files\Java\jdk-11.0.2\bin\management_ext.dll
0x00007ffad71e0000 - 0x00007ffad71f7000 	C:\Windows\system32\napinsp.dll
0x00007ffad71a0000 - 0x00007ffad71bb000 	C:\Windows\system32\pnrpnsp.dll
0x00007ffae94d0000 - 0x00007ffae959a000 	C:\Windows\SYSTEM32\DNSAPI.dll
0x00007ffae9480000 - 0x00007ffae94bb000 	C:\Windows\SYSTEM32\IPHLPAPI.DLL
0x00007ffaeb400000 - 0x00007ffaeb408000 	C:\Windows\System32\NSI.dll
0x00007ffae6710000 - 0x00007ffae672d000 	C:\Windows\system32\NLAapi.dll
0x00007ffad7170000 - 0x00007ffad7182000 	C:\Windows\System32\winrnr.dll
0x00007ffad7070000 - 0x00007ffad7085000 	C:\Windows\system32\wshbth.dll
0x00007ffadb130000 - 0x00007ffadb13a000 	C:\Windows\System32\rasadhlp.dll
0x00007ffaddf30000 - 0x00007ffaddfb0000 	C:\Windows\System32\fwpuclnt.dll
0x00007ffae9de0000 - 0x00007ffae9df8000 	C:\Windows\SYSTEM32\CRYPTSP.dll
0x00007ffae90a0000 - 0x00007ffae90d4000 	C:\Windows\system32\rsaenh.dll
0x00007ffae9f50000 - 0x00007ffae9f7e000 	C:\Windows\SYSTEM32\USERENV.dll
0x00007ffae9960000 - 0x00007ffae996c000 	C:\Windows\SYSTEM32\CRYPTBASE.dll
0x00007ffae44b0000 - 0x00007ffae44c7000 	C:\Windows\SYSTEM32\dhcpcsvc6.DLL
0x00007ffae45d0000 - 0x00007ffae45ed000 	C:\Windows\SYSTEM32\dhcpcsvc.DLL
0x00007ffad2a30000 - 0x00007ffad2a57000 	C:\Program Files\Java\jdk-11.0.2\bin\sunec.dll
0x00007ffae0010000 - 0x00007ffae001d000 	C:\Program Files\Java\jdk-11.0.2\bin\sunmscapi.dll
0x00007ffaea0b0000 - 0x00007ffaea20e000 	C:\Windows\System32\CRYPT32.dll
0x00007ffae9a60000 - 0x00007ffae9a89000 	C:\Windows\SYSTEM32\ncrypt.dll
0x00007ffae9a20000 - 0x00007ffae9a5b000 	C:\Windows\SYSTEM32\NTASN1.dll

dbghelp: loaded successfully - version: 4.0.5 - missing functions: none
symbol engine: initialized successfully - sym options: 0x614 - pdb path: .;C:\Program Files\Java\jdk-11.0.2\bin;C:\Windows\SYSTEM32;C:\Windows\WinSxS\amd64_microsoft.windows.common-controls_6595b64144ccf1df_6.0.19041.4355_none_60b8b9eb71f62e16;C:\Program Files\Java\jdk-11.0.2\bin\server

VM Arguments:
jvm_args: -javaagent:C:\Users\91989\AppData\Roaming\JetBrains\IdeaIC2024.1\plugins\ebean-idea\lib\ebean-agent-15.3.0.jar -Dfile.encoding=windows-1252 -Duser.country=IN -Duser.language=en -Duser.variant 
java_command: org.example.Main
java_class_path (initial): C:\Users\91989\IdeaProjects\untitled1\build\classes\java\main;C:\Users\91989\IdeaProjects\untitled1\build\resources\main;C:\Users\91989\.gradle\caches\modules-2\files-2.1\io.vertx\vertx-web\4.5.8\aecad6ecce14ac7066df0080adcd0a518b7527a0\vertx-web-4.5.8.jar;C:\Users\91989\.gradle\caches\modules-2\files-2.1\io.vertx\vertx-web-client\4.5.8\d35b303b155f65f9dee8c7d02a7014aa89e3b91a\vertx-web-client-4.5.8.jar;C:\Users\91989\.gradle\caches\modules-2\files-2.1\io.vertx\vertx-web-common\4.5.8\6a4b2908bc53cb51ecaa22a97d2cfbd31558f11e\vertx-web-common-4.5.8.jar;C:\Users\91989\.gradle\caches\modules-2\files-2.1\io.vertx\vertx-auth-common\4.5.8\c57ffefc157427fda7e67b88c16585b7464c8012\vertx-auth-common-4.5.8.jar;C:\Users\91989\.gradle\caches\modules-2\files-2.1\io.vertx\vertx-bridge-common\4.5.8\40a1dbf37745fe436975a674104b786980e04215\vertx-bridge-common-4.5.8.jar;C:\Users\91989\.gradle\caches\modules-2\files-2.1\io.vertx\vertx-uri-template\4.5.8\24099995466ed460814c7ed2195a7a32c2b3fbca\vertx-uri-template-4.5.8.jar;C:\Users\91989\.gradle\caches\modules-2\files-2.1\io.vertx\vertx-core\4.5.8\d5d0f77e80454a6bab722bb996a7abd805226636\vertx-core-4.5.8.jar;C:\Users\91989\.gradle\caches\modules-2\files-2.1\io.ebean\ebean\12.8.2\d54cf2f5c182baa03d135e057dfd5ff28a2f9c53\ebean-12.8.2.jar;C:\Users\91989\.gradle\caches\modules-2\files-2.1\io.ebean\ebean-querybean\12.8.2\92d7c04e74f0acbb64bf3195d7fa4f31f8650a28\ebean-querybean-12.8.2.jar;C:\Users\91989\.gradle\caches\modules-2\files-2.1\io.jsonwebtoken\jjwt\0.9.1\54d2abfc3e63a28824d35bf600d6a5d627da681a\jjwt-0.9.1.jar;C:\Users\91989\.gradle\caches\modules-2\files-2.1\com.auth0\java-jwt\3.10.3\138b7ea9ca2c8c8e66acf5a70e809490bcf08955\java-jwt-3.10.3.jar;C:\Users\91989\.gradle\caches\modules-2\files-2.1\io.ebean\ebean-agent\12.8.2\7962c02060c1c103292085e40e4e2fa9e2043674\ebean-agent-12.8.2.jar;C:\Users\91989\.gradle\caches\modules-2\files-2.1\org.projectlombok\lombok\1.18.16\6dc192c7f93ec1853f70d59d8a6dcf94eb42866
Launcher Type: SUN_STANDARD

[Global flags]
     intx CICompilerCount                          = 3                                         {product} {ergonomic}
     uint ConcGCThreads                            = 1                                         {product} {ergonomic}
     uint G1ConcRefinementThreads                  = 4                                         {product} {ergonomic}
   size_t G1HeapRegionSize                         = 1048576                                   {product} {ergonomic}
    uintx GCDrainStackTargetSize                   = 64                                        {product} {ergonomic}
   size_t InitialHeapSize                          = 199229440                                 {product} {ergonomic}
   size_t MarkStackSize                            = 4194304                                   {product} {ergonomic}
   size_t MaxHeapSize                              = 3185573888                                {product} {ergonomic}
   size_t MaxNewSize                               = 1910505472                                {product} {ergonomic}
   size_t MinHeapDeltaBytes                        = 1048576                                   {product} {ergonomic}
    uintx NonNMethodCodeHeapSize                   = 5830092                                {pd product} {ergonomic}
    uintx NonProfiledCodeHeapSize                  = 122914074                              {pd product} {ergonomic}
    uintx ProfiledCodeHeapSize                     = 122914074                              {pd product} {ergonomic}
    uintx ReservedCodeCacheSize                    = 251658240                              {pd product} {ergonomic}
     bool SegmentedCodeCache                       = true                                      {product} {ergonomic}
     bool UseCompressedClassPointers               = true                                 {lp64_product} {ergonomic}
     bool UseCompressedOops                        = true                                 {lp64_product} {ergonomic}
     bool UseG1GC                                  = true                                      {product} {ergonomic}
     bool UseLargePagesIndividualAllocation        = false                                  {pd product} {ergonomic}

Logging:
Log output configuration:
 #0: stdout all=warning uptime,level,tags
 #1: stderr all=off uptime,level,tags

Environment Variables:
JAVA_HOME=C:\Program Files\Java\jdk-11.0.2
PATH=C:\Program Files\Java\jdk-11.0.2\bin;C:\Program Files (x86)\Common Files\Oracle\Java\javapath;C:\Program Files\Common Files\Oracle\Java\javapath;C:\Python27\;C:\Python27\Scripts;C:\Windows\system32;C:\Windows;C:\Windows\System32\Wbem;C:\Windows\System32\WindowsPowerShell\v1.0\;C:\Windows\System32\OpenSSH\;C:\Program Files\Git\cmd;C:\ProgramData\chocolatey\bin;C:\Program Files\dotnet\;C:\Program Files\Amazon\AWSCLIV2\;C:\Users\91989\AppData\Roaming\nvm;C:\Program Files\nodejs;C:\Program Files\maven\apache-maven-3.9.6\bin;C:\gradle-7.4.2\bin;C:\wamp\bin\;C:\wamp\bin\php\php7.4.33\;C:\wamp\bin\apache\apache2.4.54.2\bin\;C:\Program Files\MySQL\MySQL Server 8.0\bin;C:\Users\91989\Downloads\elasticsearch-7.9.3\bin;C:\Users\91989\Downloads\kibana-7.9.3-windows-x86_64\bin;C:\Users\91989\Downloads\logstash-7.9.3\bin;C:\;C:\Program Files\Azure Data Studio\bin;C:\Program Files\MySQL\MySQL Shell 8.0\bin\;C:\Program Files\Java\jdk-11.0.2\bin;C:\Users\91989\AppData\Local\Microsoft\WindowsApps;C:\Users\91989\AppData\Local\Programs\Microsoft VS Code\bin;C:\Users\91989\.dotnet\tools;C:\Users\91989\AppData\Local\Android\Sdk\platform-tools;C:\Users\91989\AppData\Local\Android\Sdk\tools;C:\gradle-7.4.2\bin;C:\Program Files\MongoDB\Server\6.0\bin;C:\Users\91989\Downloads\mongodb-macos-x86_64-6.0.4\bin;C:\Users\91989\AppData\Roaming\nvm;C:\Program Files\nodejs;C:\Program Files\JetBrains\IntelliJ IDEA 2023.3.2\bin;;C:\wamp\bin;C:\Program Files\MySQL\MySQL Server 8.0\bin;C:\Program Files\Elastic\Beats\8.12.1;C:\Program Files\Azure Data Studio\bin;C:\Users\91989\AppData\Local\Programs\EmEditor;
USERNAME=91989
OS=Windows_NT
PROCESSOR_IDENTIFIER=Intel64 Family 6 Model 58 Stepping 9, GenuineIntel



---------------  S Y S T E M  ---------------

OS: Windows 10 , 64 bit Build 19041 (10.0.19041.3636)

CPU:total 4 (initial active 4) (2 cores per cpu, 2 threads per core) family 6 model 58 stepping 9, cmov, cx8, fxsr, mmx, sse, sse2, sse3, ssse3, sse4.1, sse4.2, popcnt, avx, aes, clmul, erms, ht, tsc, tscinvbit, tscinv

Memory: 4k page, system-wide physical 12151M (1046M free)
TotalPageFile size 20151M (AvailPageFile size 7M)
current process WorkingSet (physical memory assigned to process): 332M, peak: 336M
current process commit charge ("private bytes"): 423M, peak: 424M

vm_info: OpenJDK 64-Bit Server VM (11.0.2+9) for windows-amd64 JRE (11.0.2+9), built on Jan 18 2019 05:23:22 by "mach5one" with MS VC++ 15.5 (VS2017)

END.
